<?xml version="1.0" encoding="UTF-8"?>
<!-- Generated by org.testng.reporters.JUnitReportReporter -->
<testsuite hostname="pavanis-Air" failures="0" tests="4" name="com.opencart.testcases.LoginPageTest" time="11.863" errors="0" timestamp="2024-04-21T13:21:51 CDT" skipped="0">
  <testcase classname="com.opencart.testcases.LoginPageTest" name="LoginPageTilteTest" time="0.177"/>
  <system-out/>
  <testcase classname="com.opencart.testcases.LoginPageTest" name="LoginPageURLTest" time="0.064"/>
  <system-out/>
  <testcase classname="com.opencart.testcases.LoginPageTest" name="forgotPwdLinkExistTest" time="1.542"/>
  <system-out/>
  <testcase classname="com.opencart.testcases.LoginPageTest" name="logintest" time="10.080"/>
  <system-out/>
</testsuite> <!-- com.opencart.testcases.LoginPageTest -->
