<?xml version="1.0" encoding="UTF-8"?>
<!-- Generated by org.testng.reporters.JUnitReportReporter -->
<testsuite hostname="pavanis-Air" failures="0" tests="4" name="com.opencart.testcases.RegisterPageTest" time="43.466" errors="0" timestamp="2024-04-21T13:21:51 CDT" skipped="0">
  <testcase classname="com.opencart.testcases.RegisterPageTest" name="RegistrationTest" time="12.008"/>
  <system-out/>
  <testcase classname="com.opencart.testcases.RegisterPageTest" name="RegistrationTest" time="10.347"/>
  <system-out/>
  <testcase classname="com.opencart.testcases.RegisterPageTest" name="RegisterPgTitleTest" time="3.438"/>
  <system-out/>
  <testcase classname="com.opencart.testcases.RegisterPageTest" name="RegistrationTest" time="17.673"/>
  <system-out/>
</testsuite> <!-- com.opencart.testcases.RegisterPageTest -->
