<?xml version="1.0" encoding="UTF-8"?>
<!-- Generated by org.testng.reporters.JUnitReportReporter -->
<testsuite hostname="pavanis-Air" failures="0" tests="8" name="com.opencart.testcases.ProductInfoPageTest" time="52.025" errors="0" timestamp="2024-04-21T13:21:51 CDT" skipped="0">
  <testcase classname="com.opencart.testcases.ProductInfoPageTest" name="getProductInfoTest" time="4.412"/>
  <system-out/>
  <testcase classname="com.opencart.testcases.ProductInfoPageTest" name="ProdDecsriptionTest" time="5.145"/>
  <system-out/>
  <testcase classname="com.opencart.testcases.ProductInfoPageTest" name="ProdDecsriptionTest" time="4.062"/>
  <system-out/>
  <testcase classname="com.opencart.testcases.ProductInfoPageTest" name="getProductInfoTest" time="2.882"/>
  <system-out/>
  <testcase classname="com.opencart.testcases.ProductInfoPageTest" name="ProdImageCountTest" time="2.144"/>
  <system-out/>
  <testcase classname="com.opencart.testcases.ProductInfoPageTest" name="ProdImageCountTest" time="2.210"/>
  <system-out/>
  <testcase classname="com.opencart.testcases.ProductInfoPageTest" name="AddToCartTest" time="17.234"/>
  <system-out/>
  <testcase classname="com.opencart.testcases.ProductInfoPageTest" name="AddToCartTest" time="13.936"/>
  <system-out/>
</testsuite> <!-- com.opencart.testcases.ProductInfoPageTest -->
