<?xml version="1.0" encoding="UTF-8"?>
<!-- Generated by org.testng.reporters.JUnitReportReporter -->
<testsuite hostname="pavanis-Air" failures="0" tests="1" name="com.opencart.testcases.NegativeRegistrationPgTest" time="10.486" errors="0" timestamp="2024-04-13T12:56:13 CDT" skipped="0">
  <testcase classname="com.opencart.testcases.NegativeRegistrationPgTest" name="NegativeTestcaseRegistrationTest" time="10.486"/>
  <system-out/>
</testsuite> <!-- com.opencart.testcases.NegativeRegistrationPgTest -->
