<?xml version="1.0" encoding="UTF-8"?>
<!-- Generated by org.testng.reporters.JUnitReportReporter -->
<testsuite hostname="pavanis-Air" failures="0" tests="11" name="com.opencart.testcases.AccountPageTest" time="32.301" errors="0" timestamp="2024-04-21T13:21:51 CDT" skipped="0">
  <testcase classname="com.opencart.testcases.AccountPageTest" name="SearchPageExistsTest" time="0.035"/>
  <system-out/>
  <testcase classname="com.opencart.testcases.AccountPageTest" name="AccountPageURLTest" time="0.030"/>
  <system-out/>
  <testcase classname="com.opencart.testcases.AccountPageTest" name="AccountPgTitleTest" time="0.042"/>
  <system-out/>
  <testcase classname="com.opencart.testcases.AccountPageTest" name="SearchProductCountTest" time="1.777"/>
  <system-out/>
  <testcase classname="com.opencart.testcases.AccountPageTest" name="SearchProductCountTest" time="2.776"/>
  <system-out/>
  <testcase classname="com.opencart.testcases.AccountPageTest" name="SelectProductTest" time="6.144"/>
  <system-out/>
  <testcase classname="com.opencart.testcases.AccountPageTest" name="AccHeadersTest" time="0.408"/>
  <system-out/>
  <testcase classname="com.opencart.testcases.AccountPageTest" name="SelectProductTest" time="4.167"/>
  <system-out/>
  <testcase classname="com.opencart.testcases.AccountPageTest" name="LogoutLinkExistTest" time="0.823"/>
  <system-out/>
  <testcase classname="com.opencart.testcases.AccountPageTest" name="PerformSearchTest" time="13.495"/>
  <system-out/>
  <testcase classname="com.opencart.testcases.AccountPageTest" name="PerformSearchTest" time="2.604"/>
  <system-out/>
</testsuite> <!-- com.opencart.testcases.AccountPageTest -->
